Arguments: 
  /usr/local/bin/node /usr/bin/yarn i

PATH: 
  /home/mateoj/anaconda3/bin:/home/mateoj/anaconda3/condabin:/home/mateoj/.local/share/gem/ruby/3.0.0/bin:/home/mateoj/.local/bin:/usr/local/bin:/usr/bin:/bin:/usr/local/sbin:/usr/bin/site_perl:/usr/bin/vendor_perl:/usr/bin/core_perl:/var/lib/snapd/snap/bin

Yarn version: 
  1.22.19

Node version: 
  16.20.1

Platform: 
  linux x64

Trace: 
  SyntaxError: /home/mateoj/Escritorio/MiUnipaz/package.json: Unexpected token } in JSON at position 756
      at JSON.parse (<anonymous>)
      at /usr/lib/node_modules/yarn/lib/cli.js:1629:59
      at Generator.next (<anonymous>)
      at step (/usr/lib/node_modules/yarn/lib/cli.js:310:30)
      at /usr/lib/node_modules/yarn/lib/cli.js:321:13

npm manifest: 
  {
    "name": "unipaz",
    "version": "1.0.0",
    "main": "node_modules/expo/AppEntry.js",
    "scripts": {
      "start": "expo start",
      "android": "expo start --android",
      "ios": "expo start --ios",
      "web": "expo start --web"
    },
    "dependencies": {
      "@react-native-async-storage/async-storage": "1.17.11",
      "@react-navigation/native": "^6.1.6",
      "@react-navigation/native-stack": "^6.9.12",
      "crypto-js": "^4.1.1",
      "expo": "~48.0.18",
      "expo-navigation-bar": "~2.1.1",
      "expo-status-bar": "~1.4.4",
      "react": "18.2.0",
      "react-dom": "^18.2.0",
      "react-native": "0.71.8",
      "react-native-axios": "^0.17.1",
      "react-native-pager-view": "6.1.2",
      "react-native-svg": "13.4.0",
      "react-native-web": "~0.18.11",
    },
    "devDependencies": {
      "@babel/core": "^7.20.0"
    },
    "private": true
  }

yarn manifest: 
  No manifest

Lockfile: 
  No lockfile
